c:\users\emre\documents\visual studio 2022\projects\gridbasedstrategygame\gridbase\intermediate\debug\vc143.pdb
c:\users\emre\documents\visual studio 2022\projects\gridbasedstrategygame\gridbase\intermediate\debug\vc143.idb
c:\users\emre\documents\visual studio 2022\projects\gridbasedstrategygame\gridbase\intermediate\debug\main.obj
c:\users\emre\documents\visual studio 2022\projects\gridbasedstrategygame\gridbase\intermediate\debug\grid.obj
c:\users\emre\documents\visual studio 2022\projects\gridbasedstrategygame\gridbase\intermediate\debug\hero.obj
c:\users\emre\documents\visual studio 2022\projects\gridbasedstrategygame\gridbase\intermediate\debug\gamelogic.obj
c:\users\emre\documents\visual studio 2022\projects\gridbasedstrategygame\gridbase\intermediate\debug\enemy.obj
c:\users\emre\documents\visual studio 2022\projects\gridbasedstrategygame\gridbase\intermediate\debug\deck.obj
c:\users\emre\documents\visual studio 2022\projects\gridbasedstrategygame\gridbase\intermediate\debug\entity.obj
c:\users\emre\documents\visual studio 2022\projects\gridbasedstrategygame\gridbase\intermediate\debug\card.obj
c:\users\emre\documents\visual studio 2022\projects\gridbasedstrategygame\gridbase\intermediate\debug\gridbasedstrategygame.pch
c:\users\emre\documents\visual studio 2022\projects\gridbasedstrategygame\gridbase\intermediate\debug\pch.obj
c:\users\emre\documents\visual studio 2022\projects\gridbasedstrategygame\gridbase\intermediate\debug\cell.obj
c:\users\emre\documents\visual studio 2022\projects\gridbasedstrategygame\gridbase\debug\gridbasedstrategygame.exe
c:\users\emre\documents\visual studio 2022\projects\gridbasedstrategygame\gridbase\debug\gridbasedstrategygame.pdb
c:\users\emre\documents\visual studio 2022\projects\gridbasedstrategygame\gridbase\intermediate\debug\gridbasedstrategygame.res
c:\users\emre\documents\visual studio 2022\projects\gridbasedstrategygame\gridbase\intermediate\debug\gridbasedstrategygame.ilk
c:\users\emre\documents\visual studio 2022\projects\gridbasedstrategygame\gridbase\intermediate\debug\gridbasedstrategygame.vcxproj.filelistabsolute.txt
c:\users\emre\documents\visual studio 2022\projects\gridbasedstrategygame\gridbase\intermediate\debug\gridbase.fb19d2fd.tlog\cl.command.1.tlog
c:\users\emre\documents\visual studio 2022\projects\gridbasedstrategygame\gridbase\intermediate\debug\gridbase.fb19d2fd.tlog\cl.items.tlog
c:\users\emre\documents\visual studio 2022\projects\gridbasedstrategygame\gridbase\intermediate\debug\gridbase.fb19d2fd.tlog\cl.read.1.tlog
c:\users\emre\documents\visual studio 2022\projects\gridbasedstrategygame\gridbase\intermediate\debug\gridbase.fb19d2fd.tlog\cl.write.1.tlog
c:\users\emre\documents\visual studio 2022\projects\gridbasedstrategygame\gridbase\intermediate\debug\gridbase.fb19d2fd.tlog\link.command.1.tlog
c:\users\emre\documents\visual studio 2022\projects\gridbasedstrategygame\gridbase\intermediate\debug\gridbase.fb19d2fd.tlog\link.read.1.tlog
c:\users\emre\documents\visual studio 2022\projects\gridbasedstrategygame\gridbase\intermediate\debug\gridbase.fb19d2fd.tlog\link.secondary.1.tlog
c:\users\emre\documents\visual studio 2022\projects\gridbasedstrategygame\gridbase\intermediate\debug\gridbase.fb19d2fd.tlog\link.write.1.tlog
c:\users\emre\documents\visual studio 2022\projects\gridbasedstrategygame\gridbase\intermediate\debug\gridbase.fb19d2fd.tlog\rc.command.1.tlog
c:\users\emre\documents\visual studio 2022\projects\gridbasedstrategygame\gridbase\intermediate\debug\gridbase.fb19d2fd.tlog\rc.read.1.tlog
c:\users\emre\documents\visual studio 2022\projects\gridbasedstrategygame\gridbase\intermediate\debug\gridbase.fb19d2fd.tlog\rc.write.1.tlog
